# JRE version: Java(TM) SE Runtime Environment (8.0_202-b08) (build 1.8.0_202-b08)
# Java VM: Java HotSpot(TM) 64-Bit Server VM (25.202-b08 mixed mode windows-amd64 compressed oops)
Heap:
 PSYoungGen      total 512000K, used 285128K [0x000000076c580000, 0x00000007a2900000, 0x00000007c0000000)
  eden space 347648K, 34% used [0x000000076c580000,0x0000000773b74268,0x0000000781900000)
  from space 164352K, 99% used [0x0000000781900000,0x000000078b97e0a0,0x000000078b980000)
  to   space 229888K, 0% used [0x0000000794880000,0x0000000794880000,0x00000007a2900000)
 ParOldGen       total 1137152K, used 796285K [0x00000006c5000000, 0x000000070a680000, 0x000000076c580000)
  object space 1137152K, 70% used [0x00000006c5000000,0x00000006f599f648,0x000000070a680000)
 Metaspace       used 16444K, capacity 16622K, committed 16768K, reserved 1064960K
  class space    used 1786K, capacity 1876K, committed 1920K, reserved 1048576K
GC Heap History (10 events):
Event: 3.268 GC heap before
{Heap before GC invocations=16 (full 6):
 PSYoungGen      total 268800K, used 256701K [0x000000076c580000, 0x0000000788000000, 0x00000007c0000000)
  eden space 252416K, 95% used [0x000000076c580000,0x000000077b036a38,0x000000077bc00000)
  from space 16384K, 99% used [0x000000077bc00000,0x000000077cbf8d90,0x000000077cc00000)
  to   space 67072K, 0% used [0x0000000783e80000,0x0000000783e80000,0x0000000788000000)
 ParOldGen       total 773120K, used 500185K [0x00000006c5000000, 0x00000006f4300000, 0x000000076c580000)
  object space 773120K, 64% used [0x00000006c5000000,0x00000006e3876568,0x00000006f4300000)
 Metaspace       used 13966K, capacity 14212K, committed 14464K, reserved 1062912K
  class space    used 1558K, capacity 1651K, committed 1664K, reserved 1048576K
Event: 3.301 GC heap after
Heap after GC invocations=16 (full 6):
 PSYoungGen      total 358400K, used 67045K [0x000000076c580000, 0x000000078c000000, 0x00000007c0000000)
  eden space 291328K, 0% used [0x000000076c580000,0x000000076c580000,0x000000077e200000)
  from space 67072K, 99% used [0x0000000783e80000,0x0000000787ff9560,0x0000000788000000)
  to   space 94720K, 0% used [0x000000077e200000,0x000000077e200000,0x0000000783e80000)
 ParOldGen       total 773120K, used 540772K [0x00000006c5000000, 0x00000006f4300000, 0x000000076c580000)
  object space 773120K, 69% used [0x00000006c5000000,0x00000006e60190a8,0x00000006f4300000)
 Metaspace       used 13966K, capacity 14212K, committed 14464K, reserved 1062912K
  class space    used 1558K, capacity 1651K, committed 1664K, reserved 1048576K
}
Event: 3.494 GC heap before
{Heap before GC invocations=17 (full 6):
 PSYoungGen      total 358400K, used 358373K [0x000000076c580000, 0x000000078c000000, 0x00000007c0000000)
  eden space 291328K, 100% used [0x000000076c580000,0x000000077e200000,0x000000077e200000)
  from space 67072K, 99% used [0x0000000783e80000,0x0000000787ff9560,0x0000000788000000)
  to   space 94720K, 0% used [0x000000077e200000,0x000000077e200000,0x0000000783e80000)
 ParOldGen       total 773120K, used 540772K [0x00000006c5000000, 0x00000006f4300000, 0x000000076c580000)
  object space 773120K, 69% used [0x00000006c5000000,0x00000006e60190a8,0x00000006f4300000)
 Metaspace       used 13968K, capacity 14212K, committed 14464K, reserved 1062912K
  class space    used 1558K, capacity 1651K, committed 1664K, reserved 1048576K
Event: 3.544 GC heap after
Heap after GC invocations=17 (full 6):
 PSYoungGen      total 386048K, used 94688K [0x000000076c580000, 0x0000000796080000, 0x00000007c0000000)
  eden space 291328K, 0% used [0x000000076c580000,0x000000076c580000,0x000000077e200000)
  from space 94720K, 99% used [0x000000077e200000,0x0000000783e78350,0x0000000783e80000)
  to   space 147968K, 0% used [0x000000078d000000,0x000000078d000000,0x0000000796080000)
 ParOldGen       total 773120K, used 637321K [0x00000006c5000000, 0x00000006f4300000, 0x000000076c580000)
  object space 773120K, 82% used [0x00000006c5000000,0x00000006ebe625a8,0x00000006f4300000)
 Metaspace       used 13968K, capacity 14212K, committed 14464K, reserved 1062912K
  class space    used 1558K, capacity 1651K, committed 1664K, reserved 1048576K
}
Event: 3.544 GC heap before
{Heap before GC invocations=18 (full 7):
 PSYoungGen      total 386048K, used 94688K [0x000000076c580000, 0x0000000796080000, 0x00000007c0000000)
  eden space 291328K, 0% used [0x000000076c580000,0x000000076c580000,0x000000077e200000)
  from space 94720K, 99% used [0x000000077e200000,0x0000000783e78350,0x0000000783e80000)
  to   space 147968K, 0% used [0x000000078d000000,0x000000078d000000,0x0000000796080000)
 ParOldGen       total 773120K, used 637321K [0x00000006c5000000, 0x00000006f4300000, 0x000000076c580000)
  object space 773120K, 82% used [0x00000006c5000000,0x00000006ebe625a8,0x00000006f4300000)
 Metaspace       used 13968K, capacity 14212K, committed 14464K, reserved 1062912K
  class space    used 1558K, capacity 1651K, committed 1664K, reserved 1048576K
Event: 4.494 GC heap after
Heap after GC invocations=18 (full 7):
 PSYoungGen      total 386048K, used 0K [0x000000076c580000, 0x0000000796080000, 0x00000007c0000000)
  eden space 291328K, 0% used [0x000000076c580000,0x000000076c580000,0x000000077e200000)
  from space 94720K, 0% used [0x000000077e200000,0x000000077e200000,0x0000000783e80000)
  to   space 147968K, 0% used [0x000000078d000000,0x000000078d000000,0x0000000796080000)
 ParOldGen       total 1137152K, used 699791K [0x00000006c5000000, 0x000000070a680000, 0x000000076c580000)
  object space 1137152K, 61% used [0x00000006c5000000,0x00000006efb63fc8,0x000000070a680000)
 Metaspace       used 13968K, capacity 14212K, committed 14464K, reserved 1062912K
  class space    used 1558K, capacity 1651K, committed 1664K, reserved 1048576K
}
Event: 4.658 GC heap before
{Heap before GC invocations=19 (full 7):
 PSYoungGen      total 386048K, used 279923K [0x000000076c580000, 0x0000000796080000, 0x00000007c0000000)
  eden space 291328K, 96% used [0x000000076c580000,0x000000077d6dcd58,0x000000077e200000)
  from space 94720K, 0% used [0x000000077e200000,0x000000077e200000,0x0000000783e80000)
  to   space 147968K, 0% used [0x000000078d000000,0x000000078d000000,0x0000000796080000)
 ParOldGen       total 1137152K, used 699791K [0x00000006c5000000, 0x000000070a680000, 0x000000076c580000)
  object space 1137152K, 61% used [0x00000006c5000000,0x00000006efb63fc8,0x000000070a680000)
 Metaspace       used 13971K, capacity 14212K, committed 14464K, reserved 1062912K
  class space    used 1558K, capacity 1651K, committed 1664K, reserved 1048576K
Event: 4.690 GC heap after
Heap after GC invocations=19 (full 7):
 PSYoungGen      total 488960K, used 117056K [0x000000076c580000, 0x0000000795a00000, 0x00000007c0000000)
  eden space 347648K, 0% used [0x000000076c580000,0x000000076c580000,0x0000000781900000)
  from space 141312K, 82% used [0x000000078d000000,0x0000000794250060,0x0000000795a00000)
  to   space 164352K, 0% used [0x0000000781900000,0x0000000781900000,0x000000078b980000)
 ParOldGen       total 1137152K, used 699791K [0x00000006c5000000, 0x000000070a680000, 0x000000076c580000)
  object space 1137152K, 61% used [0x00000006c5000000,0x00000006efb63fc8,0x000000070a680000)
 Metaspace       used 13971K, capacity 14212K, committed 14464K, reserved 1062912K
  class space    used 1558K, capacity 1651K, committed 1664K, reserved 1048576K
}
Event: 4.907 GC heap before
{Heap before GC invocations=20 (full 7):
 PSYoungGen      total 488960K, used 464704K [0x000000076c580000, 0x0000000795a00000, 0x00000007c0000000)
  eden space 347648K, 100% used [0x000000076c580000,0x0000000781900000,0x0000000781900000)
  from space 141312K, 82% used [0x000000078d000000,0x0000000794250060,0x0000000795a00000)
  to   space 164352K, 0% used [0x0000000781900000,0x0000000781900000,0x000000078b980000)
 ParOldGen       total 1137152K, used 699791K [0x00000006c5000000, 0x000000070a680000, 0x000000076c580000)
  object space 1137152K, 61% used [0x00000006c5000000,0x00000006efb63fc8,0x000000070a680000)
 Metaspace       used 13974K, capacity 14212K, committed 14464K, reserved 1062912K
  class space    used 1559K, capacity 1651K, committed 1664K, reserved 1048576K
Event: 4.981 GC heap after
Heap after GC invocations=20 (full 7):
 PSYoungGen      total 512000K, used 164344K [0x000000076c580000, 0x00000007a2900000, 0x00000007c0000000)
  eden space 347648K, 0% used [0x000000076c580000,0x000000076c580000,0x0000000781900000)
  from space 164352K, 99% used [0x0000000781900000,0x000000078b97e0a0,0x000000078b980000)
  to   space 229888K, 0% used [0x0000000794880000,0x0000000794880000,0x00000007a2900000)
 ParOldGen       total 1137152K, used 796285K [0x00000006c5000000, 0x000000070a680000, 0x000000076c580000)
  object space 1137152K, 70% used [0x00000006c5000000,0x00000006f599f648,0x000000070a680000)
 Metaspace       used 13974K, capacity 14212K, committed 14464K, reserved 1062912K
  class space    used 1559K, capacity 1651K, committed 1664K, reserved 1048576K
}

